{"C:\\Users\\a.mahecha\\Documents\\Blossom\\rickmorty-front\\src\\App.tsx": {"path":"C:\\Users\\a.mahecha\\Documents\\Blossom\\rickmorty-front\\src\\App.tsx","statementMap":{"0":{"start":{"line":1,"column":12},"end":{"line":7,"column":1}},"1":{"start":{"line":2,"column":2},"end":{"line":6,"column":3}}},"fnMap":{"0":{"name":"(anonymous_0)","decl":{"start":{"line":1,"column":12},"end":{"line":1,"column":13}},"loc":{"start":{"line":1,"column":18},"end":{"line":7,"column":1}},"line":1}},"branchMap":{},"s":{"0":1,"1":1},"f":{"0":1},"b":{},"_coverageSchema":"1a1c01bbd47fc00a2c39e90264f33305004495a9","hash":"8d7c2fe0965494d584a6b9e0bfab6328fff71582"}
}
